<?xml version="1.0" encoding="UTF-8"?>
<testsuite xmlns:xsi="http://www.w3.org/2001/XMLSchema-instance" xsi:noNamespaceSchemaLocation="https://maven.apache.org/surefire/maven-surefire-plugin/xsd/surefire-test-report-3.0.xsd" version="3.0" name="tests.loginTests" time="98.382" tests="3" errors="0" skipped="0" failures="0">
  <properties>
[...]
</properties>
  <testcase name="testLoginWithInvalidUsername" classname="tests.loginTests" time="33.774"/>
  <testcase name="testLoginWithInvalidPassword" classname="tests.loginTests" time="11.203"/>
  <testcase name="testLoginSuccessfully" classname="tests.loginTests" time="32.541"/>
</testsuite>