<?xml version="1.0" encoding="UTF-8"?>
<testng-results skipped="0" failed="0" ignored="0" total="3" passed="3">
  <reporter-output>
  </reporter-output>
  <suite name="Surefire suite" duration-ms="94102" started-at="2020-02-13T10:00:19 WAT" finished-at="2020-02-13T10:01:53 WAT">
    <groups>
    </groups>
    <test name="Surefire test" duration-ms="94102" started-at="2020-02-13T10:00:19 WAT" finished-at="2020-02-13T10:01:53 WAT">
      <class name="tests.loginTests">
        <test-method status="PASS" signature="setup()[pri:0, instance:tests.loginTests@754ba872]" name="setup" is-config="true" duration-ms="15223" started-at="2020-02-13T10:00:19 WAT" finished-at="2020-02-13T10:00:34 WAT">
          <reporter-output>
          </reporter-output>
        </test-method> <!-- setup -->
        <test-method status="PASS" signature="testLoginWithInvalidUsername()[pri:1, instance:tests.loginTests@754ba872]" name="testLoginWithInvalidUsername" duration-ms="33773" started-at="2020-02-13T10:00:34 WAT" finished-at="2020-02-13T10:01:08 WAT">
          <reporter-output>
          </reporter-output>
        </test-method> <!-- testLoginWithInvalidUsername -->
        <test-method status="PASS" signature="testLoginWithInvalidPassword()[pri:2, instance:tests.loginTests@754ba872]" name="testLoginWithInvalidPassword" duration-ms="11202" started-at="2020-02-13T10:01:08 WAT" finished-at="2020-02-13T10:01:19 WAT">
          <reporter-output>
          </reporter-output>
        </test-method> <!-- testLoginWithInvalidPassword -->
        <test-method status="PASS" signature="testLoginSuccessfully()[pri:3, instance:tests.loginTests@754ba872]" name="testLoginSuccessfully" duration-ms="32542" started-at="2020-02-13T10:01:19 WAT" finished-at="2020-02-13T10:01:52 WAT">
          <reporter-output>
          </reporter-output>
        </test-method> <!-- testLoginSuccessfully -->
        <test-method status="PASS" signature="shutDown()[pri:0, instance:tests.loginTests@754ba872]" name="shutDown" is-config="true" duration-ms="1304" started-at="2020-02-13T10:01:52 WAT" finished-at="2020-02-13T10:01:53 WAT">
          <reporter-output>
          </reporter-output>
        </test-method> <!-- shutDown -->
      </class> <!-- tests.loginTests -->
    </test> <!-- Surefire test -->
  </suite> <!-- Surefire suite -->
</testng-results>
