<?xml version="1.0" encoding="UTF-8"?>
<testng-results skipped="0" failed="0" ignored="0" total="3" passed="3">
  <reporter-output>
  </reporter-output>
  <suite name="Default suite" duration-ms="50967" started-at="2020-02-03T18:22:10 WAT" finished-at="2020-02-03T18:23:01 WAT">
    <groups>
    </groups>
    <test name="Default test" duration-ms="50967" started-at="2020-02-03T18:22:10 WAT" finished-at="2020-02-03T18:23:01 WAT">
      <class name="tests.loginTests">
        <test-method status="PASS" signature="setup()[pri:0, instance:tests.loginTests@2b9627bc]" name="setup" is-config="true" duration-ms="13586" started-at="2020-02-03T18:22:10 WAT" finished-at="2020-02-03T18:22:23 WAT">
          <reporter-output>
          </reporter-output>
        </test-method> <!-- setup -->
        <test-method status="PASS" signature="testLoginWithInvalidUsername()[pri:1, instance:tests.loginTests@2b9627bc]" name="testLoginWithInvalidUsername" duration-ms="14189" started-at="2020-02-03T18:22:23 WAT" finished-at="2020-02-03T18:22:37 WAT">
          <reporter-output>
          </reporter-output>
        </test-method> <!-- testLoginWithInvalidUsername -->
        <test-method status="PASS" signature="testLoginWithInvalidPassword()[pri:2, instance:tests.loginTests@2b9627bc]" name="testLoginWithInvalidPassword" duration-ms="5887" started-at="2020-02-03T18:22:37 WAT" finished-at="2020-02-03T18:22:43 WAT">
          <reporter-output>
          </reporter-output>
        </test-method> <!-- testLoginWithInvalidPassword -->
        <test-method status="PASS" signature="testLoginSuccessfully()[pri:3, instance:tests.loginTests@2b9627bc]" name="testLoginSuccessfully" duration-ms="16117" started-at="2020-02-03T18:22:43 WAT" finished-at="2020-02-03T18:22:59 WAT">
          <reporter-output>
          </reporter-output>
        </test-method> <!-- testLoginSuccessfully -->
        <test-method status="PASS" signature="shutDown()[pri:0, instance:tests.loginTests@2b9627bc]" name="shutDown" is-config="true" duration-ms="1131" started-at="2020-02-03T18:22:59 WAT" finished-at="2020-02-03T18:23:01 WAT">
          <reporter-output>
          </reporter-output>
        </test-method> <!-- shutDown -->
      </class> <!-- tests.loginTests -->
    </test> <!-- Default test -->
  </suite> <!-- Default suite -->
</testng-results>
